
> @execflow/web@0.1.0 build C:\Users\Miguel Galvão\Documents\execflow\apps\web
> next build

▲ Next.js 16.2.6 (Turbopack)
- Environments: .env.local

⚠ The "middleware" file convention is deprecated. Please use "proxy" instead. Learn more: https://nextjs.org/docs/messages/middleware-to-proxy
  Creating an optimized production build ...
✓ Compiled successfully in 5.8s
  Running TypeScript ...
  Finished TypeScript in 9.5s ...
  Collecting page data using 11 workers ...
  Generating static pages using 11 workers (0/17) ...
  Generating static pages using 11 workers (4/17) 
  Generating static pages using 11 workers (8/17) 
  Generating static pages using 11 workers (12/17) 
✓ Generating static pages using 11 workers (17/17) in 645ms
  Finalizing page optimization ...

Route (app)
┌ ○ /
├ ○ /_not-found
├ ○ /cases
├ ƒ /cases/[caseId]
├ ○ /clients
├ ƒ /clients/[clientId]
├ ○ /dashboard
├ ○ /deadlines
├ ƒ /deadlines/[deadlineId]
├ ○ /documents
├ ƒ /documents/[documentId]
├ ○ /finance
├ ○ /opportunities
├ ○ /queues
├ ○ /settings
├ ○ /settings/astrea-sigilosos
├ ○ /settings/astrea-triage
├ ○ /sign-in
└ ○ /team


ƒ Proxy (Middleware)

○  (Static)   prerendered as static content
ƒ  (Dynamic)  server-rendered on demand

